2017-10-13 20:23:25,727 WARNING:unknown url type: javascript
2017-10-13 21:48:09,821 WARNING:unknown url type: javascript
2017-10-13 22:06:55,383 WARNING:unknown url type: javascript
2017-10-13 22:43:26,633 WARNING:Bad Request
2017-10-14 00:21:12,204 WARNING:Not Found
2017-10-14 01:00:12,204 INFO:Starting new HTTPS connection (1): habrahabr.ru
2017-10-14 01:00:12,433 DEBUG:"GET /robots.txt HTTP/1.1" 200 None
2017-10-14 01:01:10,294 INFO:Starting new HTTPS connection (1): habrahabr.ru
2017-10-14 01:01:10,511 DEBUG:"GET /robots.txt HTTP/1.1" 200 None
2017-10-14 01:01:12,819 INFO:Disallow crawling https://habrahabr.ru/search/
2017-10-14 01:12:05,481 INFO:Starting new HTTP connection (1): www.diagnos.ru
2017-10-14 01:12:05,545 DEBUG:"GET /robots.txt HTTP/1.1" 200 None
2017-10-14 01:12:07,035 INFO:Starting new HTTP connection (1): www.diagnos.ru
2017-10-14 01:12:07,091 DEBUG:"GET /robots.txt HTTP/1.1" 200 None
2017-10-14 01:12:08,211 INFO:Starting new HTTP connection (1): www.diagnos.ru
2017-10-14 01:12:08,264 DEBUG:"GET /robots.txt HTTP/1.1" 200 None
2017-10-14 01:12:08,265 INFO:Disallow crawling http://www.diagnos.ru/login/?upaction=login&refto=/
2017-10-14 01:12:08,300 INFO:Starting new HTTP connection (1): www.diagnos.ru
2017-10-14 01:12:08,351 DEBUG:"GET /robots.txt HTTP/1.1" 200 None
2017-10-14 01:12:08,352 INFO:Disallow crawling http://www.diagnos.ru/login/?upaction=register&refto=/
2017-10-14 01:12:08,388 INFO:Starting new HTTP connection (1): www.diagnos.ru
2017-10-14 01:12:08,439 DEBUG:"GET /robots.txt HTTP/1.1" 200 None
2017-10-14 01:12:09,611 INFO:Starting new HTTP connection (1): www.diagnos.ru
2017-10-14 01:12:09,664 DEBUG:"GET /robots.txt HTTP/1.1" 200 None
2017-10-14 01:12:18,028 INFO:Starting new HTTP connection (1): www.diagnos.ru
2017-10-14 01:12:18,079 DEBUG:"GET /robots.txt HTTP/1.1" 200 None
2017-10-14 01:12:20,217 INFO:Starting new HTTP connection (1): www.diagnos.ru
2017-10-14 01:12:20,269 DEBUG:"GET /robots.txt HTTP/1.1" 200 None
2017-10-14 01:12:20,270 INFO:Disallow crawling http://www.diagnos.ru/consult
2017-10-14 01:12:20,351 INFO:Starting new HTTP connection (1): www.diagnos.ru
2017-10-14 01:12:20,404 DEBUG:"GET /robots.txt HTTP/1.1" 200 None
2017-10-14 01:12:23,763 INFO:Starting new HTTP connection (1): www.diagnos.ru
2017-10-14 01:12:23,817 DEBUG:"GET /robots.txt HTTP/1.1" 200 None
2017-10-14 01:12:25,452 INFO:Starting new HTTP connection (1): www.diagnos.ru
2017-10-14 01:12:25,502 DEBUG:"GET /robots.txt HTTP/1.1" 200 None
2017-10-14 01:12:26,731 INFO:Starting new HTTP connection (1): www.diagnos.ru
2017-10-14 01:12:26,783 DEBUG:"GET /robots.txt HTTP/1.1" 200 None
2017-10-14 01:12:27,919 INFO:Starting new HTTP connection (1): www.diagnos.ru
2017-10-14 01:12:27,973 DEBUG:"GET /robots.txt HTTP/1.1" 200 None
2017-10-14 01:12:29,097 INFO:Starting new HTTP connection (1): www.diagnos.ru
2017-10-14 01:12:29,150 DEBUG:"GET /robots.txt HTTP/1.1" 200 None
2017-10-14 01:12:30,353 INFO:Starting new HTTP connection (1): www.diagnos.ru
2017-10-14 01:12:30,436 DEBUG:"GET /robots.txt HTTP/1.1" 200 None
2017-10-14 01:12:31,620 INFO:Starting new HTTP connection (1): www.diagnos.ru
2017-10-14 01:12:31,672 DEBUG:"GET /robots.txt HTTP/1.1" 200 None
2017-10-14 01:12:32,810 INFO:Starting new HTTP connection (1): www.diagnos.ru
2017-10-14 01:12:32,861 DEBUG:"GET /robots.txt HTTP/1.1" 200 None
2017-10-14 01:12:33,999 INFO:Starting new HTTP connection (1): www.diagnos.ru
2017-10-14 01:12:34,051 DEBUG:"GET /robots.txt HTTP/1.1" 200 None
2017-10-14 01:12:35,188 INFO:Starting new HTTP connection (1): www.diagnos.ru
2017-10-14 01:12:35,242 DEBUG:"GET /robots.txt HTTP/1.1" 200 None
2017-10-14 01:12:36,302 WARNING:Not Found
2017-10-14 01:12:36,321 INFO:Starting new HTTP connection (1): www.diagnos.ru
2017-10-14 01:12:36,373 DEBUG:"GET /robots.txt HTTP/1.1" 200 None
2017-10-14 01:12:37,611 INFO:Starting new HTTP connection (1): www.diagnos.ru
2017-10-14 01:12:37,663 DEBUG:"GET /robots.txt HTTP/1.1" 200 None
2017-10-14 01:12:38,833 INFO:Starting new HTTP connection (1): www.diagnos.ru
2017-10-14 01:12:38,891 DEBUG:"GET /robots.txt HTTP/1.1" 200 None
2017-10-14 01:12:40,134 INFO:Starting new HTTP connection (1): www.diagnos.ru
2017-10-14 01:12:40,187 DEBUG:"GET /robots.txt HTTP/1.1" 200 None
2017-10-14 01:12:41,322 INFO:Starting new HTTP connection (1): www.diagnos.ru
2017-10-14 01:12:41,375 DEBUG:"GET /robots.txt HTTP/1.1" 200 None
2017-10-14 01:12:42,501 INFO:Starting new HTTP connection (1): www.diagnos.ru
2017-10-14 01:12:42,553 DEBUG:"GET /robots.txt HTTP/1.1" 200 None
2017-10-14 01:12:43,690 INFO:Starting new HTTP connection (1): www.diagnos.ru
2017-10-14 01:12:43,743 DEBUG:"GET /robots.txt HTTP/1.1" 200 None
2017-10-14 01:12:44,868 INFO:Starting new HTTP connection (1): www.diagnos.ru
2017-10-14 01:12:44,930 DEBUG:"GET /robots.txt HTTP/1.1" 200 None
2017-10-14 01:12:46,479 INFO:Starting new HTTP connection (1): www.diagnos.ru
2017-10-14 01:12:46,532 DEBUG:"GET /robots.txt HTTP/1.1" 200 None
2017-10-14 01:12:48,180 INFO:Starting new HTTP connection (1): www.diagnos.ru
2017-10-14 01:12:48,232 DEBUG:"GET /robots.txt HTTP/1.1" 200 None
2017-10-14 01:12:49,813 INFO:Starting new HTTP connection (1): www.diagnos.ru
2017-10-14 01:12:49,868 DEBUG:"GET /robots.txt HTTP/1.1" 200 None
2017-10-14 01:12:51,435 INFO:Starting new HTTP connection (1): www.diagnos.ru
2017-10-14 01:12:51,487 DEBUG:"GET /robots.txt HTTP/1.1" 200 None
2017-10-14 01:12:52,994 INFO:Starting new HTTPS connection (1): plus.google.com
2017-10-14 01:12:53,055 DEBUG:"GET /robots.txt HTTP/1.1" 200 None
2017-10-14 01:12:55,358 INFO:Starting new HTTPS connection (1): plus.google.com
2017-10-14 01:12:55,414 DEBUG:"GET /robots.txt HTTP/1.1" 200 None
2017-10-14 01:12:58,019 INFO:Starting new HTTPS connection (1): plus.google.com
2017-10-14 01:12:58,074 DEBUG:"GET /robots.txt HTTP/1.1" 200 None
2017-10-14 01:12:59,879 INFO:Starting new HTTPS connection (1): plus.google.com
2017-10-14 01:12:59,932 DEBUG:"GET /robots.txt HTTP/1.1" 200 None
2017-10-14 01:13:02,062 INFO:Starting new HTTPS connection (1): plus.google.com
2017-10-14 01:13:02,113 DEBUG:"GET /robots.txt HTTP/1.1" 200 None
2017-10-14 01:13:04,087 INFO:Starting new HTTPS connection (1): plus.google.com
2017-10-14 01:13:04,139 DEBUG:"GET /robots.txt HTTP/1.1" 200 None
2017-10-14 01:13:06,259 INFO:Starting new HTTP connection (1): diagnos.ru
2017-10-14 01:13:06,598 DEBUG:"GET /robots.txt HTTP/1.1" 301 240
2017-10-14 01:13:06,599 INFO:Starting new HTTP connection (1): www.diagnos.ru
2017-10-14 01:21:01,755 INFO:Starting new HTTPS connection (1): plus.google.com
2017-10-14 01:21:01,807 DEBUG:"GET /robots.txt HTTP/1.1" 200 None
2017-10-14 01:21:03,529 INFO:Starting new HTTPS connection (1): plus.google.com
2017-10-14 01:21:03,582 DEBUG:"GET /robots.txt HTTP/1.1" 200 None
2017-10-14 01:22:02,364 INFO:Starting new HTTP connection (1): www.diagnos.ru
2017-10-14 01:22:02,427 DEBUG:"GET /robots.txt HTTP/1.1" 200 None
2017-10-14 01:41:46,039 INFO:Starting new HTTP connection (1): www.diagnos.ru
2017-10-14 01:41:46,130 DEBUG:"GET /robots.txt HTTP/1.1" 200 None
2017-10-14 01:42:57,749 INFO:Starting new HTTP connection (1): www.diagnos.ru
2017-10-14 01:42:57,804 DEBUG:"GET /robots.txt HTTP/1.1" 200 None
2017-10-14 01:42:57,807 INFO:Disallow crawling http://www.diagnos.ru/login/?upaction=login&refto=/
2017-10-14 01:43:16,415 INFO:Starting new HTTP connection (1): www.diagnos.ru
2017-10-14 01:43:16,468 DEBUG:"GET /robots.txt HTTP/1.1" 200 None
2017-10-14 01:43:16,470 INFO:Disallow crawling http://www.diagnos.ru/login/?upaction=register&refto=/
2017-10-14 01:43:33,915 INFO:Starting new HTTP connection (1): www.diagnos.ru
2017-10-14 01:43:33,970 DEBUG:"GET /robots.txt HTTP/1.1" 200 None
2017-10-14 01:43:35,109 INFO:Starting new HTTP connection (1): www.diagnos.ru
2017-10-14 01:43:35,161 DEBUG:"GET /robots.txt HTTP/1.1" 200 None
2017-10-14 01:43:43,639 INFO:Starting new HTTP connection (1): www.diagnos.ru
2017-10-14 01:43:43,692 DEBUG:"GET /robots.txt HTTP/1.1" 200 None
2017-10-14 01:43:45,878 INFO:Starting new HTTP connection (1): www.diagnos.ru
2017-10-14 01:43:45,929 DEBUG:"GET /robots.txt HTTP/1.1" 200 None
2017-10-14 01:43:45,931 INFO:Disallow crawling http://www.diagnos.ru/consult
2017-10-14 01:43:45,975 INFO:Starting new HTTP connection (1): www.diagnos.ru
2017-10-14 01:43:46,029 DEBUG:"GET /robots.txt HTTP/1.1" 200 None
2017-10-14 01:43:48,939 INFO:Starting new HTTP connection (1): www.diagnos.ru
2017-10-14 01:43:49,013 DEBUG:"GET /robots.txt HTTP/1.1" 200 None
2017-10-14 01:43:50,703 INFO:Starting new HTTP connection (1): www.diagnos.ru
2017-10-14 01:43:50,758 DEBUG:"GET /robots.txt HTTP/1.1" 200 None
2017-10-14 01:44:07,574 INFO:Starting new HTTP connection (1): www.diagnos.ru
2017-10-14 01:44:07,628 DEBUG:"GET /robots.txt HTTP/1.1" 200 None
2017-10-14 01:44:32,852 INFO:Starting new HTTP connection (1): www.diagnos.ru
2017-10-14 01:44:32,915 DEBUG:"GET /robots.txt HTTP/1.1" 200 None
2017-10-14 01:44:32,917 INFO:Disallow crawling http://www.diagnos.ru/login/?upaction=login&refto=/diseases/nerves/migren
2017-10-14 01:44:32,930 INFO:Starting new HTTP connection (1): www.diagnos.ru
2017-10-14 01:44:32,984 DEBUG:"GET /robots.txt HTTP/1.1" 200 None
2017-10-14 01:44:32,985 INFO:Disallow crawling http://www.diagnos.ru/login/?upaction=register&refto=/diseases/nerves/migren
2017-10-14 01:44:32,998 INFO:Starting new HTTP connection (1): www.diagnos.ru
2017-10-14 01:44:33,051 DEBUG:"GET /robots.txt HTTP/1.1" 200 None
2017-10-14 01:44:34,175 INFO:Starting new HTTP connection (1): www.diagnos.ru
2017-10-14 01:44:34,229 DEBUG:"GET /robots.txt HTTP/1.1" 200 None
2017-10-14 01:44:35,440 INFO:Starting new HTTP connection (1): www.diagnos.ru
2017-10-14 01:44:35,491 DEBUG:"GET /robots.txt HTTP/1.1" 200 None
2017-10-14 01:44:36,630 INFO:Starting new HTTP connection (1): www.diagnos.ru
2017-10-14 01:44:36,684 DEBUG:"GET /robots.txt HTTP/1.1" 200 None
2017-10-14 01:44:37,832 INFO:Starting new HTTP connection (1): www.diagnos.ru
2017-10-14 01:44:37,884 DEBUG:"GET /robots.txt HTTP/1.1" 200 None
2017-10-14 01:44:39,024 INFO:Starting new HTTP connection (1): www.diagnos.ru
2017-10-14 01:44:39,077 DEBUG:"GET /robots.txt HTTP/1.1" 200 None
2017-10-14 01:44:40,230 INFO:Starting new HTTP connection (1): www.diagnos.ru
2017-10-14 01:44:40,283 DEBUG:"GET /robots.txt HTTP/1.1" 200 None
